2017/05/12 14:54:34 INFO  - jmeter.util.JMeterUtils: Setting Locale to en_US 
2017/05/12 14:54:34 INFO  - jmeter.JMeter: Loading user properties from: C:\Users\Administrator\Desktop\apache-jmeter-3.1\apache-jmeter-3.1\bin\user.properties 
2017/05/12 14:54:34 INFO  - jmeter.JMeter: Loading system properties from: C:\Users\Administrator\Desktop\apache-jmeter-3.1\apache-jmeter-3.1\bin\system.properties 
2017/05/12 14:54:35 INFO  - jmeter.JMeter: Copyright (c) 1998-2016 The Apache Software Foundation 
2017/05/12 14:54:35 INFO  - jmeter.JMeter: Version 3.1 r1770033 
2017/05/12 14:54:35 INFO  - jmeter.JMeter: java.version=1.7.0_51 
2017/05/12 14:54:35 INFO  - jmeter.JMeter: java.vm.name=Java HotSpot(TM) 64-Bit Server VM 
2017/05/12 14:54:35 INFO  - jmeter.JMeter: os.name=Windows Server 2012 
2017/05/12 14:54:35 INFO  - jmeter.JMeter: os.arch=amd64 
2017/05/12 14:54:35 INFO  - jmeter.JMeter: os.version=6.2 
2017/05/12 14:54:35 INFO  - jmeter.JMeter: file.encoding=Cp1252 
2017/05/12 14:54:35 INFO  - jmeter.JMeter: Max memory     =523763712 
2017/05/12 14:54:35 INFO  - jmeter.JMeter: Available Processors =8 
2017/05/12 14:54:35 INFO  - jmeter.JMeter: Default Locale=English (United States) 
2017/05/12 14:54:35 INFO  - jmeter.JMeter: JMeter  Locale=English (United States) 
2017/05/12 14:54:35 INFO  - jmeter.JMeter: JMeterHome=C:\Users\Administrator\Desktop\apache-jmeter-3.1\apache-jmeter-3.1 
2017/05/12 14:54:35 INFO  - jmeter.JMeter: user.dir  =C:\EAS_46_Performance_Testing\Order_Search_from_SP_byOrder_Id\5user\JmeterScript 
2017/05/12 14:54:35 INFO  - jmeter.JMeter: PWD       =C:\EAS_46_Performance_Testing\Order_Search_from_SP_byOrder_Id\5user\JmeterScript 
2017/05/12 14:54:35 INFO  - jmeter.JMeter: IP: 10.10.3.28 Name: EASDB01 FullName: EASDB01 
2017/05/12 14:54:35 INFO  - jmeter.services.FileServer: Default base='C:\EAS_46_Performance_Testing\Order_Search_from_SP_byOrder_Id\5user\JmeterScript' 
2017/05/12 14:54:35 INFO  - jmeter.services.FileServer: Set new base='C:\EAS_46_Performance_Testing\Order_Search_from_SP_byOrder_Id\5user\JmeterScript' 
2017/05/12 14:54:35 INFO  - jmeter.save.SaveService: Testplan (JMX) version: 2.2. Testlog (JTL) version: 2.2 
2017/05/12 14:54:35 INFO  - jmeter.save.SaveService: Using SaveService properties file encoding UTF-8 
2017/05/12 14:54:35 INFO  - jmeter.save.SaveService: Using SaveService properties version 3.1 
2017/05/12 14:54:35 INFO  - jmeter.save.SaveService: All converter versions present and correct 
2017/05/12 14:54:35 INFO  - jmeter.save.SaveService: Loading file: Search_Order_by_OdreIdBySP.jmx 
2017/05/12 14:54:35 INFO  - jmeter.protocol.http.control.CacheManager: Will only cache the following methods: [GET] 
2017/05/12 14:54:35 INFO  - jmeter.protocol.http.control.CookieManager: Settings: Delete null: true Check: true Allow variable: true Save: false Prefix: COOKIE_ 
2017/05/12 14:54:35 INFO  - jmeter.protocol.http.sampler.HTTPSamplerBase: Parser for text/html is org.apache.jmeter.protocol.http.parser.LagartoBasedHtmlParser 
2017/05/12 14:54:35 INFO  - jmeter.protocol.http.sampler.HTTPSamplerBase: Parser for application/xhtml+xml is org.apache.jmeter.protocol.http.parser.LagartoBasedHtmlParser 
2017/05/12 14:54:35 INFO  - jmeter.protocol.http.sampler.HTTPSamplerBase: Parser for application/xml is org.apache.jmeter.protocol.http.parser.LagartoBasedHtmlParser 
2017/05/12 14:54:35 INFO  - jmeter.protocol.http.sampler.HTTPSamplerBase: Parser for text/xml is org.apache.jmeter.protocol.http.parser.LagartoBasedHtmlParser 
2017/05/12 14:54:35 INFO  - jmeter.protocol.http.sampler.HTTPSamplerBase: Parser for text/vnd.wap.wml is org.apache.jmeter.protocol.http.parser.RegexpHTMLParser 
2017/05/12 14:54:35 INFO  - jmeter.protocol.http.sampler.HTTPSamplerBase: Parser for text/css is org.apache.jmeter.protocol.http.parser.CssParser 
2017/05/12 14:54:36 INFO  - jmeter.JMeter: Creating summariser <summary> 
2017/05/12 14:54:36 INFO  - jmeter.engine.StandardJMeterEngine: Running the test! 
2017/05/12 14:54:37 INFO  - jmeter.samplers.SampleEvent: List of sample_variables: [] 
2017/05/12 14:54:37 INFO  - jmeter.samplers.SampleEvent: List of sample_variables: [] 
2017/05/12 14:54:37 INFO  - jmeter.engine.util.CompoundVariable: Note: Function class names must contain the string: '.functions.' 
2017/05/12 14:54:37 INFO  - jmeter.engine.util.CompoundVariable: Note: Function class names must not contain the string: '.gui.' 
2017/05/12 14:54:37 INFO  - jmeter.JMeter: Running test (1494581077788) 
2017/05/12 14:54:38 INFO  - jmeter.engine.StandardJMeterEngine: Starting ThreadGroup: 1 : Thread Group 
2017/05/12 14:54:38 INFO  - jmeter.engine.StandardJMeterEngine: Starting 5 threads for group Thread Group. 
2017/05/12 14:54:38 INFO  - jmeter.engine.StandardJMeterEngine: Thread will continue on error 
2017/05/12 14:54:38 INFO  - jmeter.threads.ThreadGroup: Starting thread group number 1 threads 5 ramp-up 5 perThread 1000.0 delayedStart=false 
2017/05/12 14:54:38 INFO  - jmeter.samplers.SampleResult: Note: Sample TimeStamps are START times 
2017/05/12 14:54:38 INFO  - jmeter.samplers.SampleResult: sampleresult.default.encoding is set to ISO-8859-1 
2017/05/12 14:54:38 INFO  - jmeter.samplers.SampleResult: sampleresult.useNanoTime=true 
2017/05/12 14:54:38 INFO  - jmeter.samplers.SampleResult: sampleresult.nanoThreadSleep=5000 
2017/05/12 14:54:38 INFO  - jmeter.threads.JMeterThread: Thread started: Thread Group 1-1 
2017/05/12 14:54:38 INFO  - jmeter.protocol.http.sampler.HTTPHCAbstractImpl: Local host = EASDB01 
2017/05/12 14:54:38 INFO  - jmeter.protocol.http.sampler.HTTPHC4Impl: HTTP request retry count = 0 
2017/05/12 14:54:38 INFO  - jmeter.threads.ThreadGroup: Started thread group number 1 
2017/05/12 14:54:38 INFO  - jmeter.engine.StandardJMeterEngine: All thread groups have been started 
2017/05/12 14:54:39 INFO  - jmeter.threads.JMeterThread: Thread started: Thread Group 1-2 
2017/05/12 14:54:39 INFO  - jmeter.services.FileServer: Stored: username.csv 
2017/05/12 14:54:40 INFO  - jmeter.threads.JMeterThread: Thread started: Thread Group 1-3 
2017/05/12 14:54:41 INFO  - jmeter.threads.JMeterThread: Thread started: Thread Group 1-4 
2017/05/12 14:54:42 INFO  - jmeter.threads.JMeterThread: Thread started: Thread Group 1-5 
2017/05/12 14:54:43 INFO  - jmeter.services.FileServer: Stored: order_id.csv 
2017/05/12 14:54:46 INFO  - jmeter.threads.JMeterThread: Thread is done: Thread Group 1-2 
2017/05/12 14:54:46 INFO  - jmeter.threads.JMeterThread: Thread finished: Thread Group 1-2 
2017/05/12 14:54:47 INFO  - jmeter.threads.JMeterThread: Thread is done: Thread Group 1-1 
2017/05/12 14:54:47 INFO  - jmeter.threads.JMeterThread: Thread finished: Thread Group 1-1 
2017/05/12 14:54:47 INFO  - jmeter.threads.JMeterThread: Thread is done: Thread Group 1-3 
2017/05/12 14:54:47 INFO  - jmeter.threads.JMeterThread: Thread finished: Thread Group 1-3 
2017/05/12 14:54:48 INFO  - jmeter.threads.JMeterThread: Thread is done: Thread Group 1-4 
2017/05/12 14:54:48 INFO  - jmeter.threads.JMeterThread: Thread finished: Thread Group 1-4 
2017/05/12 14:54:48 INFO  - jmeter.threads.JMeterThread: Thread is done: Thread Group 1-5 
2017/05/12 14:54:48 INFO  - jmeter.threads.JMeterThread: Thread finished: Thread Group 1-5 
2017/05/12 14:54:48 INFO  - jmeter.engine.StandardJMeterEngine: Notifying test listeners of end of test 
2017/05/12 14:54:48 INFO  - jmeter.services.FileServer: Close: username.csv 
2017/05/12 14:54:48 INFO  - jmeter.services.FileServer: Close: order_id.csv 
2017/05/12 14:54:48 INFO  - kg.apc.jmeter.PluginsCMDWorker: Using JMeterPluginsCMD v. N/A 
2017/05/12 14:54:49 WARN  - kg.apc.jmeter.JMeterPluginsUtils: JMeter env exists. No one should see this normally. 
2017/05/12 14:54:50 INFO  - kg.apc.jmeter.vizualizers.SynthesisReportGui: Saving CSV to C:\EAS_46_Performance_Testing\Order_Search_from_SP_byOrder_Id\5user\JmeterResults\SynthesisReportGui.csv 
2017/05/12 14:54:50 INFO  - kg.apc.jmeter.listener.GraphsGeneratorListener: Successful generation of file C:\EAS_46_Performance_Testing\Order_Search_from_SP_byOrder_Id\5user\JmeterResults\SynthesisReportGui by plugin:SynthesisReportGui 
2017/05/12 14:54:50 INFO  - kg.apc.jmeter.PluginsCMDWorker: Using JMeterPluginsCMD v. N/A 
2017/05/12 14:54:50 WARN  - kg.apc.jmeter.JMeterPluginsUtils: JMeter env exists. No one should see this normally. 
2017/05/12 14:54:50 WARN  - jorphan.gui.ObjectTableModel: Header count=13 but classes count=11 
2017/05/12 14:54:50 WARN  - jorphan.gui.ObjectTableModel: Header count=13 but writeFunctor count=11 
2017/05/12 14:54:50 INFO  - kg.apc.jmeter.vizualizers.AggregateReportGui: Saving CSV to C:\EAS_46_Performance_Testing\Order_Search_from_SP_byOrder_Id\5user\JmeterResults\AggregateReportGui.csv 
2017/05/12 14:54:50 INFO  - kg.apc.jmeter.listener.GraphsGeneratorListener: Successful generation of file C:\EAS_46_Performance_Testing\Order_Search_from_SP_byOrder_Id\5user\JmeterResults\AggregateReportGui by plugin:AggregateReportGui 
2017/05/12 14:54:50 INFO  - kg.apc.jmeter.PluginsCMDWorker: Using JMeterPluginsCMD v. N/A 
2017/05/12 14:54:50 WARN  - kg.apc.jmeter.JMeterPluginsUtils: JMeter env exists. No one should see this normally. 
2017/05/12 14:54:50 INFO  - kg.apc.charting.GraphPanelChart: Saving PNG to C:\EAS_46_Performance_Testing\Order_Search_from_SP_byOrder_Id\5user\JmeterResults\ResponseTimesOverTime.png 
2017/05/12 14:54:51 INFO  - kg.apc.jmeter.listener.GraphsGeneratorListener: Successful generation of file C:\EAS_46_Performance_Testing\Order_Search_from_SP_byOrder_Id\5user\JmeterResults\ResponseTimesOverTime by plugin:ResponseTimesOverTime 
2017/05/12 14:54:51 INFO  - kg.apc.jmeter.PluginsCMDWorker: Using JMeterPluginsCMD v. N/A 
2017/05/12 14:54:51 WARN  - kg.apc.jmeter.JMeterPluginsUtils: JMeter env exists. No one should see this normally. 
2017/05/12 14:54:51 INFO  - kg.apc.charting.GraphPanelChart: Saving PNG to C:\EAS_46_Performance_Testing\Order_Search_from_SP_byOrder_Id\5user\JmeterResults\HitsPerSecond.png 
2017/05/12 14:54:51 INFO  - kg.apc.jmeter.listener.GraphsGeneratorListener: Successful generation of file C:\EAS_46_Performance_Testing\Order_Search_from_SP_byOrder_Id\5user\JmeterResults\HitsPerSecond by plugin:HitsPerSecond 
2017/05/12 14:54:51 INFO  - kg.apc.jmeter.PluginsCMDWorker: Using JMeterPluginsCMD v. N/A 
2017/05/12 14:54:51 WARN  - kg.apc.jmeter.JMeterPluginsUtils: JMeter env exists. No one should see this normally. 
2017/05/12 14:54:51 INFO  - kg.apc.charting.GraphPanelChart: Saving PNG to C:\EAS_46_Performance_Testing\Order_Search_from_SP_byOrder_Id\5user\JmeterResults\BytesThroughputOverTime.png 
2017/05/12 14:54:51 INFO  - kg.apc.jmeter.listener.GraphsGeneratorListener: Successful generation of file C:\EAS_46_Performance_Testing\Order_Search_from_SP_byOrder_Id\5user\JmeterResults\BytesThroughputOverTime by plugin:BytesThroughputOverTime 
2017/05/12 14:54:51 INFO  - kg.apc.jmeter.PluginsCMDWorker: Using JMeterPluginsCMD v. N/A 
2017/05/12 14:54:51 WARN  - kg.apc.jmeter.JMeterPluginsUtils: JMeter env exists. No one should see this normally. 
2017/05/12 14:54:51 INFO  - kg.apc.charting.GraphPanelChart: Saving PNG to C:\EAS_46_Performance_Testing\Order_Search_from_SP_byOrder_Id\5user\JmeterResults\LatenciesOverTime.png 
2017/05/12 14:54:52 INFO  - kg.apc.jmeter.listener.GraphsGeneratorListener: Successful generation of file C:\EAS_46_Performance_Testing\Order_Search_from_SP_byOrder_Id\5user\JmeterResults\LatenciesOverTime by plugin:LatenciesOverTime 
2017/05/12 14:54:52 INFO  - kg.apc.jmeter.PluginsCMDWorker: Using JMeterPluginsCMD v. N/A 
2017/05/12 14:54:52 WARN  - kg.apc.jmeter.JMeterPluginsUtils: JMeter env exists. No one should see this normally. 
2017/05/12 14:54:52 INFO  - kg.apc.charting.GraphPanelChart: Saving PNG to C:\EAS_46_Performance_Testing\Order_Search_from_SP_byOrder_Id\5user\JmeterResults\ResponseCodesPerSecond.png 
2017/05/12 14:54:52 INFO  - kg.apc.jmeter.listener.GraphsGeneratorListener: Successful generation of file C:\EAS_46_Performance_Testing\Order_Search_from_SP_byOrder_Id\5user\JmeterResults\ResponseCodesPerSecond by plugin:ResponseCodesPerSecond 
2017/05/12 14:54:52 INFO  - kg.apc.jmeter.PluginsCMDWorker: Using JMeterPluginsCMD v. N/A 
2017/05/12 14:54:52 WARN  - kg.apc.jmeter.JMeterPluginsUtils: JMeter env exists. No one should see this normally. 
2017/05/12 14:54:52 INFO  - kg.apc.charting.GraphPanelChart: Saving PNG to C:\EAS_46_Performance_Testing\Order_Search_from_SP_byOrder_Id\5user\JmeterResults\TransactionsPerSecond.png 
2017/05/12 14:54:52 INFO  - kg.apc.jmeter.listener.GraphsGeneratorListener: Successful generation of file C:\EAS_46_Performance_Testing\Order_Search_from_SP_byOrder_Id\5user\JmeterResults\TransactionsPerSecond by plugin:TransactionsPerSecond 
2017/05/12 14:54:52 INFO  - kg.apc.jmeter.PluginsCMDWorker: Using JMeterPluginsCMD v. N/A 
2017/05/12 14:54:52 WARN  - kg.apc.jmeter.JMeterPluginsUtils: JMeter env exists. No one should see this normally. 
2017/05/12 14:54:52 INFO  - kg.apc.charting.GraphPanelChart: Saving PNG to C:\EAS_46_Performance_Testing\Order_Search_from_SP_byOrder_Id\5user\JmeterResults\ResponseTimesDistribution.png 
2017/05/12 14:54:52 INFO  - kg.apc.jmeter.listener.GraphsGeneratorListener: Successful generation of file C:\EAS_46_Performance_Testing\Order_Search_from_SP_byOrder_Id\5user\JmeterResults\ResponseTimesDistribution by plugin:ResponseTimesDistribution 
2017/05/12 14:54:52 INFO  - kg.apc.jmeter.PluginsCMDWorker: Using JMeterPluginsCMD v. N/A 
2017/05/12 14:54:52 WARN  - kg.apc.jmeter.JMeterPluginsUtils: JMeter env exists. No one should see this normally. 
2017/05/12 14:54:53 INFO  - kg.apc.charting.GraphPanelChart: Saving PNG to C:\EAS_46_Performance_Testing\Order_Search_from_SP_byOrder_Id\5user\JmeterResults\ResponseTimesPercentiles.png 
2017/05/12 14:54:53 INFO  - kg.apc.jmeter.listener.GraphsGeneratorListener: Successful generation of file C:\EAS_46_Performance_Testing\Order_Search_from_SP_byOrder_Id\5user\JmeterResults\ResponseTimesPercentiles by plugin:ResponseTimesPercentiles 
2017/05/12 14:54:53 INFO  - kg.apc.jmeter.PluginsCMDWorker: Using JMeterPluginsCMD v. N/A 
2017/05/12 14:54:53 WARN  - kg.apc.jmeter.JMeterPluginsUtils: JMeter env exists. No one should see this normally. 
2017/05/12 14:54:53 INFO  - kg.apc.charting.GraphPanelChart: Saving PNG to C:\EAS_46_Performance_Testing\Order_Search_from_SP_byOrder_Id\5user\JmeterResults\ThreadsStateOverTime.png 
2017/05/12 14:54:53 INFO  - kg.apc.jmeter.listener.GraphsGeneratorListener: Successful generation of file C:\EAS_46_Performance_Testing\Order_Search_from_SP_byOrder_Id\5user\JmeterResults\ThreadsStateOverTime by plugin:ThreadsStateOverTime 
2017/05/12 14:54:53 INFO  - kg.apc.jmeter.PluginsCMDWorker: Using JMeterPluginsCMD v. N/A 
2017/05/12 14:54:53 WARN  - kg.apc.jmeter.JMeterPluginsUtils: JMeter env exists. No one should see this normally. 
2017/05/12 14:54:54 INFO  - kg.apc.charting.GraphPanelChart: Saving PNG to C:\EAS_46_Performance_Testing\Order_Search_from_SP_byOrder_Id\5user\JmeterResults\TimesVsThreads.png 
2017/05/12 14:54:54 INFO  - kg.apc.jmeter.listener.GraphsGeneratorListener: Successful generation of file C:\EAS_46_Performance_Testing\Order_Search_from_SP_byOrder_Id\5user\JmeterResults\TimesVsThreads by plugin:TimesVsThreads 
2017/05/12 14:54:54 INFO  - kg.apc.jmeter.PluginsCMDWorker: Using JMeterPluginsCMD v. N/A 
2017/05/12 14:54:54 WARN  - kg.apc.jmeter.JMeterPluginsUtils: JMeter env exists. No one should see this normally. 
2017/05/12 14:54:54 INFO  - kg.apc.charting.GraphPanelChart: Saving PNG to C:\EAS_46_Performance_Testing\Order_Search_from_SP_byOrder_Id\5user\JmeterResults\ThroughputVsThreads.png 
2017/05/12 14:54:54 INFO  - kg.apc.jmeter.listener.GraphsGeneratorListener: Successful generation of file C:\EAS_46_Performance_Testing\Order_Search_from_SP_byOrder_Id\5user\JmeterResults\ThroughputVsThreads by plugin:ThroughputVsThreads 
2017/05/12 14:54:54 INFO  - jmeter.reporters.Summariser: summary =    550 in 00:00:17 =   32.5/s Avg:    64 Min:     3 Max:  2685 Err:     5 (0.91%) 
